Arguments: 
  E:\Program Files\nodejs\node.exe C:\Users\王帅\AppData\Roaming\npm\node_modules\yarn\bin\yarn.js start

PATH: 
  C:\WINDOWS\system32;C:\WINDOWS;C:\WINDOWS\System32\Wbem;C:\WINDOWS\System32\WindowsPowerShell\v1.0\;e:\Program Files\Git\cmd;E:\Program Files\nodejs\;C:\Users\王帅\node_modules\.bin;E:\php;E:\Desktop\phabricator;E:\Desktop\phabricator\arcanist\bin;e:\Ruby25-x64\bin;e:\Ruby25-x64\bin;C:\Users\王帅\AppData\Local\Microsoft\WindowsApps;;e:\Program Files (x86)\Microsoft VS Code\bin;C:\Users\王帅\AppData\Roaming\npm

Yarn version: 
  1.5.1

Node version: 
  8.10.0

Platform: 
  win32 x64

npm manifest: 
  {
    "private": true,
    "scripts": {
      "start": "yarn devserer && yarn dbserver",
      "devserver": "roadhog server",
      "dbserver":"json-server db.json -p 3000",
      "build": "roadhog build",
      "build:dll": "roadhog buildDll",
      "test": "roadhog test",
      "lint": "eslint --ext .js src test",
      "precommit": "npm run lint"
    },
    "dependencies": {
      "antd": "^2.6.4",
      "babel-runtime": "^6.22.0",
      "dva": "^1.4.0-beta.1",
      "dva-loading": "^0.2.0",
      "react": "^16.1.1",
      "react-dom": "^16.1.1"
    },
    "devDependencies": {
      "babel-eslint": "^7.1.1",
      "babel-plugin-dva-hmr": "^0.3.2",
      "babel-plugin-import": "^1.1.0",
      "babel-plugin-transform-runtime": "^6.22.0",
      "eslint": "^3.14.0",
      "eslint-config-airbnb": "^14.0.0",
      "eslint-plugin-import": "^2.2.0",
      "eslint-plugin-jsx-a11y": "^3.0.2",
      "eslint-plugin-react": "^6.9.0",
      "expect": "^1.20.2",
      "husky": "^0.13.0",
      "redbox-react": "^1.3.2",
      "roadhog": "^0.6.0"
    }
  }

yarn manifest: 
  No manifest

Lockfile: 
  No lockfile

Trace: 
  Error: Command failed.
  Exit code: 1
  Command: C:\WINDOWS\system32\cmd.exe
  Arguments: /d /s /c yarn devserer && yarn dbserver
  Directory: E:\Desktop\myadmin
  Output:
  
      at ProcessTermError.MessageError (C:\Users\王帅\AppData\Roaming\npm\node_modules\yarn\lib\cli.js:186:110)
      at new ProcessTermError (C:\Users\王帅\AppData\Roaming\npm\node_modules\yarn\lib\cli.js:226:113)
      at ChildProcess.<anonymous> (C:\Users\王帅\AppData\Roaming\npm\node_modules\yarn\lib\cli.js:30281:17)
      at emitTwo (events.js:126:13)
      at ChildProcess.emit (events.js:214:7)
      at maybeClose (internal/child_process.js:925:16)
      at Process.ChildProcess._handle.onexit (internal/child_process.js:209:5)
